Log file open, 05/04/15 20:01:23
LogInit:Display: Running engine for game: LostCity
LogInit: Version: 4.7.6-2513093+++depot+UE4-Releases+4.7
LogInit: API Version: 2455222
LogInit: Compiled (64-bit): Apr 15 2015 12:09:54
LogInit: Compiled with Visual C++: 18.00.21005.01
LogInit: Build Configuration: Development
LogInit: Branch Name: ++depot+UE4-Releases+4.7
LogInit: Command line: 
LogInit: Base directory: D:/Unreal Engine/Epic Games/4.7/Engine/Binaries/Win64/
LogInit: Rocket: 1
[2015.05.04-16.01.23:784][  0]LogTaskGraph: Started task graph with 3 named threads and 6 total threads.
[2015.05.04-16.01.23:837][  0]LogOnline:Warning: No default platform service specified for OnlineSubsystem
[2015.05.04-16.01.23:853][  0]LogInit: Presizing for 0 objects not considered by GC, pre-allocating 0 bytes.
[2015.05.04-16.01.23:862][  0]LogInit: Object subsystem initialized
[2015.05.04-16.01.23:867][  0]LogInit: Selected Device Profile: [Windows]
[2015.05.04-16.01.23:867][  0]LogInit: Applying CVar settings loaded from the selected device profile: [Windows]
[2015.05.04-16.01.23:872][  0]LogInit: Computer: АЛЕКСЕЙ-ПК
[2015.05.04-16.01.23:872][  0]LogInit: User: Алексей
[2015.05.04-16.01.23:872][  0]LogInit: CPU Page size=4096, Cores=4
[2015.05.04-16.01.23:872][  0]LogInit: High frequency timer resolution =3.320380 MHz
[2015.05.04-16.01.23:873][  0]LogMemory: Memory total: Physical=8.0GB (8GB approx) Virtual=8192.0GB
[2015.05.04-16.01.23:873][  0]LogMemory: Platform Memory Stats for Windows
[2015.05.04-16.01.23:873][  0]LogMemory: Process Physical Memory: 47.83 MB used, 47.83 MB peak
[2015.05.04-16.01.23:873][  0]LogMemory: Process Virtual Memory: 26.45 MB used, 26.46 MB peak
[2015.05.04-16.01.23:873][  0]LogMemory: Physical Memory: 3435.52 MB used, 8177.79 MB total
[2015.05.04-16.01.23:873][  0]LogMemory: Virtual Memory: 282.09 MB used, 8388608.00 MB total
[2015.05.04-16.01.23:916][  0]LogD3D11RHI: Found D3D11 adapter 0: NVIDIA GeForce GTX 770 (Feature Level 11_0)
[2015.05.04-16.01.23:916][  0]LogD3D11RHI: Adapter has 1990MB of dedicated video memory, 0MB of dedicated system memory, and 2048MB of shared system memory, 1 output[s]
[2015.05.04-16.01.23:916][  0]LogD3D11RHI: Chosen D3D11 Adapter Id = 0
[2015.05.04-16.01.23:921][  0]LogRHI: Texture pool is 1361 MB (70% of 1945 MB)
[2015.05.04-16.01.23:930][  0]LogD3D11RHI: Async texture creation enabled
[2015.05.04-16.01.24:415][  0]LogTextLocalizationManager: The requested culture ('ru_RU') has no localization data; falling back to 'en' for localization and internationalization data.
[2015.05.04-16.01.24:504][  0]LogTextLocalizationManager:Warning: Loading localization resources contain conflicting entries for (Namespace:UICommands, Key:Save_ToolTip):
Resource: (D:/Unreal Engine/Epic Games/4.7/Engine/Content/Localization/Editor/en/Editor.locres) Hash: (-29098895) String: (Saves the current level to disk)
Resource: (D:/Unreal Engine/Epic Games/4.7/Engine/Content/Localization/Engine/en/Engine.locres) Hash: (-1280300587) String: (Save selected data to vlog file)
[2015.05.04-16.01.24:504][  0]LogTextLocalizationManager:Warning: Loading localization resources contain conflicting entries for (Namespace:ContentBrowser, Key:ImportAssetToolTip):
Resource: (D:/Unreal Engine/Epic Games/4.7/Engine/Content/Localization/Editor/en/Editor.locres) Hash: (-630476809) String: (Import to {0}...)
Resource: (D:/Unreal Engine/Epic Games/4.7/Engine/Content/Localization/Editor/en/Editor.locres) Hash: (1271782899) String: (Imports an asset from file to this folder.)
[2015.05.04-16.01.24:594][  0]LogContentStreaming: Texture pool size is 0.000000MB
[2015.05.04-16.01.27:021][  0]LogTargetPlatformManager:Display: Building Assets For Windows
[2015.05.04-16.01.27:632][  0]LogTargetPlatformManager:Display: Building Assets For Windows
[2015.05.04-16.01.27:700][  0]LogDerivedDataCache:Display: Max Cache Size: 512 MB
[2015.05.04-16.01.27:760][  0]LogDerivedDataCache: Loaded boot cache 0.06s 44MB C:/Users/Алексей/AppData/Local/UnrealEngine/4.7/DerivedDataCache/Boot.ddc.
[2015.05.04-16.01.27:760][  0]LogDerivedDataCache:Display: Loaded Boot cache: C:/Users/Алексей/AppData/Local/UnrealEngine/4.7/DerivedDataCache/Boot.ddc
[2015.05.04-16.01.27:760][  0]LogDerivedDataCache: FDerivedDataBackendGraph:  Pak pak cache file ../../../../../../Проекты/LostCity/LostCity/DerivedDataCache/DDC.ddp not found, will not use a pak cache.
[2015.05.04-16.01.27:760][  0]LogDerivedDataCache: Unable to find inner node Pak for hierarchical cache Hierarchy.
[2015.05.04-16.01.27:889][  0]LogDerivedDataCache:Display: Pak cache opened for reading ../../../Engine/DerivedDataCache/Compressed.ddp.
[2015.05.04-16.01.27:900][  0]LogDerivedDataCache: Using Local data cache path C:/Users/Алексей/AppData/Local/UnrealEngine/Common/DerivedDataCache: Writable
[2015.05.04-16.01.28:243][  0]LogMeshUtilities: No automatic mesh reduction module available
[2015.05.04-16.01.28:243][  0]LogMeshUtilities: No automatic mesh merging module available
[2015.05.04-16.01.28:653][  0]LogInit: WinSock: version 1.1 (2.2), MaxSocks=32767, MaxUdp=65467
[2015.05.04-16.01.28:741][  0]LogSlate:Warning: Failed to load font data from '../../../Engine/Content/Slate/Fonts/Roboto-Italic.ttf'
[2015.05.04-16.01.29:785][  0]UdpMessaging: Initializing bridge on interface 0.0.0.0:0 to multicast group 230.0.0.1:6666.
[2015.05.04-16.01.29:997][  0]SourceControl: Info Source control is disabled
[2015.05.04-16.01.29:997][  0]SourceControl: Info Source control is disabled
[2015.05.04-16.01.29:998][  0]SourceControl: Info Source control is disabled
[2015.05.04-16.01.29:998][  0]LogSourceControl: RunCommandInternalRaw: 'git version'
[2015.05.04-16.01.29:998][  0]LogSourceControl: RunCommandInternalRaw: ExecProcess ReturnCode=2 OutResults=''
[2015.05.04-16.01.30:008][  0]SourceControl: Info Source control is disabled
[2015.05.04-16.01.30:212][  0]LogObj: 24232 objects as part of root set at end of initial load.
[2015.05.04-16.01.30:212][  0]LogUObjectAllocator: 5137168 out of 0 bytes used by permanent object pool.
[2015.05.04-16.01.30:296][  0]LogEngine: Initializing Engine...
[2015.05.04-16.01.32:490][  0]LogInit: XAudio2 using 'Razer Kraken (Realtek High Definition Audio)' : 2 channels at 48 kHz using 32 bits per sample (channel mask 0x3)
[2015.05.04-16.01.32:502][  0]LogInit: FAudioDevice initialized.
[2015.05.04-16.01.32:544][  0]LogAIModule: Creating AISystem for world NewWorld
[2015.05.04-16.01.32:576][  0]LogDerivedDataCache: Saved boot cache 0.03s 44MB C:/Users/Алексей/AppData/Local/UnrealEngine/4.7/DerivedDataCache/Boot.ddc.
[2015.05.04-16.01.32:582][  0]LogInit: Texture streaming: Enabled
[2015.05.04-16.01.32:682][  0]LogAnalytics: Creating configured Analytics provider AnalyticsET
[2015.05.04-16.01.32:682][  0]LogAnalytics: ET APIKey = Rocket.Release. APIServer = http://et2.epicgames.com/ET2/. AppVersion = 4.7.6-2513093+++depot+UE4-Releases+4.7
[2015.05.04-16.01.32:682][  0]LogAnalytics: ET APIKey = Rocket.Release. DataRouterUploadURL = https://datarouter-public-service-gamedev.ol.epicgames.net/datarouter/api/v1/public/data. AppVersion = 4.7.6-2513093+++depot+UE4-Releases+4.7
[2015.05.04-16.01.32:682][  0]LogAnalytics: SetUserId bbf347db4b54091e2de156aad04ee797|c45ef3ab2e274dbb9cbf5d743970cc5a|a22f4870-a1ce-4c3e-9a89-f40f6afd89f1
[2015.05.04-16.01.32:682][  0]LogAnalytics: AnalyticsET::StartSession [Rocket.Release]
[2015.05.04-16.01.32:904][  0]LogInit: Transaction tracking system initialized
[2015.05.04-16.01.33:108][  0]BlueprintLog: New page: Editor Load
[2015.05.04-16.01.33:144][  0]LogAssetRegistry: FAssetRegistry took 0.0095 seconds to start up
[2015.05.04-16.01.33:144][  0]LogDirectoryWatcher:Warning: Failed to begin reading directory changes for ../../../Engine/Plugins/Experimental/CharacterAI/Content/. Error: 0
[2015.05.04-16.01.33:826][  0]LogTargetPlatformManager:Display: Building Assets For Windows
[2015.05.04-16.01.34:416][  0]LogTargetPlatformManager:Display: Building Assets For Windows
[2015.05.04-16.01.38:772][  0]LogSlate:Warning: Failed to load font data from '../..